<?xml version="1.0" encoding="UTF-8"?>
<!-- Generated by org.testng.reporters.JUnitXMLReporter -->
<testsuite ignored="0" hostname="DESKTOP-K3Q28QF" failures="0" tests="3" name="Default test" time="130.208" errors="0" timestamp="2023-08-18T10:51:13 IST">
  <testcase classname="com.main.MainClass$MainTest" name="SignUp_Test" time="15.539"/>
  <testcase classname="com.main.MainClass$MainTest" name="loginDetails" time="15.459"/>
  <testcase classname="com.main.MainClass$MainTest" name="addToCart" time="88.227"/>
</testsuite> <!-- Default test -->
