<?xml version="1.0" encoding="UTF-8"?>
<testng-results ignored="0" total="3" passed="3" failed="0" skipped="0">
  <reporter-output>
  </reporter-output>
  <suite started-at="2023-08-18T10:49:03 IST" name="Default suite" finished-at="2023-08-18T10:51:13 IST" duration-ms="130208">
    <groups>
    </groups>
    <test started-at="2023-08-18T10:49:03 IST" name="Default test" finished-at="2023-08-18T10:51:13 IST" duration-ms="130208">
      <class name="com.main.MainClass$MainTest">
        <test-method is-config="true" signature="beforetest()[pri:0, instance:com.main.MainClass$MainTest@78e4deb0]" started-at="2023-08-18T10:49:03 IST" name="beforetest" finished-at="2023-08-18T10:49:03 IST" duration-ms="12" status="PASS">
          <reporter-output>
          </reporter-output>
        </test-method> <!-- beforetest -->
        <test-method is-config="true" signature="loadBrowser()[pri:0, instance:com.main.MainClass$MainTest@78e4deb0]" started-at="2023-08-18T10:49:03 IST" name="loadBrowser" finished-at="2023-08-18T10:49:11 IST" duration-ms="7787" status="PASS">
          <reporter-output>
          </reporter-output>
        </test-method> <!-- loadBrowser -->
        <test-method signature="SignUp_Test()[pri:0, instance:com.main.MainClass$MainTest@78e4deb0]" started-at="2023-08-18T10:49:11 IST" name="SignUp_Test" finished-at="2023-08-18T10:49:26 IST" duration-ms="15539" status="PASS">
          <reporter-output>
          </reporter-output>
        </test-method> <!-- SignUp_Test -->
        <test-method signature="loginDetails()[pri:1, instance:com.main.MainClass$MainTest@78e4deb0]" started-at="2023-08-18T10:49:26 IST" name="loginDetails" finished-at="2023-08-18T10:49:42 IST" duration-ms="15459" status="PASS">
          <reporter-output>
          </reporter-output>
        </test-method> <!-- loginDetails -->
        <test-method signature="addToCart()[pri:2, instance:com.main.MainClass$MainTest@78e4deb0]" started-at="2023-08-18T10:49:42 IST" name="addToCart" finished-at="2023-08-18T10:51:10 IST" duration-ms="88227" status="PASS">
          <reporter-output>
          </reporter-output>
        </test-method> <!-- addToCart -->
        <test-method is-config="true" signature="closeBrowser()[pri:0, instance:com.main.MainClass$MainTest@78e4deb0]" started-at="2023-08-18T10:51:10 IST" name="closeBrowser" finished-at="2023-08-18T10:51:13 IST" duration-ms="3129" status="PASS">
          <reporter-output>
          </reporter-output>
        </test-method> <!-- closeBrowser -->
      </class> <!-- com.main.MainClass$MainTest -->
    </test> <!-- Default test -->
  </suite> <!-- Default suite -->
</testng-results>
